<?xml version="1.0" encoding="utf-8"?>
<TestRun id="2e44f166-8ca3-48f9-aec8-d98032f63fbf" name="@runnervmeorf1 2026-05-16 16:20:43" xmlns="http://microsoft.com/schemas/VisualStudio/TeamTest/2010">
  <Times creation="2026-05-16T16:20:43.6903708+00:00" queuing="2026-05-16T16:20:43.6903708+00:00" start="2026-05-16T16:20:42.2287797+00:00" finish="2026-05-16T16:20:43.7642372+00:00" />
  <TestSettings name="default" id="bcf25b17-8d4d-4a88-b67b-aa3c7b466d63">
    <Deployment runDeploymentRoot="_runnervmeorf1_2026-05-16_16_20_43" />
  </TestSettings>
  <Results>
    <UnitTestResult executionId="fd63bebe-849e-4381-87df-a854a07cf37f" testId="523dae08-d924-e106-1bfc-bdfd3563e556" testName="Broiler.JavaScript.Parser.Tests.ParserTests.ParseProgram_InvalidAsyncAccessorSyntax_ThrowsFastParseException(source: &quot;class C { async get foo() { return 1; } }&quot;)" computerName="runnervmeorf1" duration="00:00:00.0001002" startTime="2026-05-16T16:20:43.6520251+00:00" endTime="2026-05-16T16:20:43.6520252+00:00" testType="13cdc9d9-ddb5-4fa4-a97d-d965ccfc6d4b" outcome="Passed" testListId="8c84fa94-04c1-424b-9868-57a2d4851a1d" relativeResultsDirectory="fd63bebe-849e-4381-87df-a854a07cf37f" />
    <UnitTestResult executionId="5cfeb2e5-3d56-43d2-993b-2d6470bb0deb" testId="aed97cee-faac-d98d-7c51-4357a80d6b1b" testName="Broiler.JavaScript.Parser.Tests.ParserTests.ParseProgram_ForAwaitOf_In_AsyncFunction_Succeeds" computerName="runnervmeorf1" duration="00:00:00.0056986" startTime="2026-05-16T16:20:43.6001262+00:00" endTime="2026-05-16T16:20:43.6001262+00:00" testType="13cdc9d9-ddb5-4fa4-a97d-d965ccfc6d4b" outcome="Passed" testListId="8c84fa94-04c1-424b-9868-57a2d4851a1d" relativeResultsDirectory="5cfeb2e5-3d56-43d2-993b-2d6470bb0deb" />
    <UnitTestResult executionId="c0f595c9-3ed5-452a-8706-9b4123159951" testId="753d577f-408b-dbe4-a84f-5ec2894d3c87" testName="Broiler.JavaScript.Parser.Tests.ParserTests.ParseProgram_VariableDeclaration_Succeeds" computerName="runnervmeorf1" duration="00:00:00.0001472" startTime="2026-05-16T16:20:43.6522410+00:00" endTime="2026-05-16T16:20:43.6522411+00:00" testType="13cdc9d9-ddb5-4fa4-a97d-d965ccfc6d4b" outcome="Passed" testListId="8c84fa94-04c1-424b-9868-57a2d4851a1d" relativeResultsDirectory="c0f595c9-3ed5-452a-8706-9b4123159951" />
    <UnitTestResult executionId="89ff23cd-22c2-458c-b127-0b22d4cf82aa" testId="a0f8b713-70d7-c8fd-98dc-5df77958aea2" testName="Broiler.JavaScript.Parser.Tests.ParserTests.ParseProgram_InvalidAsyncAccessorSyntax_ThrowsFastParseException(source: &quot;class C { async set foo(value) { } }&quot;)" computerName="runnervmeorf1" duration="00:00:00.0000775" startTime="2026-05-16T16:20:43.6520688+00:00" endTime="2026-05-16T16:20:43.6520689+00:00" testType="13cdc9d9-ddb5-4fa4-a97d-d965ccfc6d4b" outcome="Passed" testListId="8c84fa94-04c1-424b-9868-57a2d4851a1d" relativeResultsDirectory="89ff23cd-22c2-458c-b127-0b22d4cf82aa" />
    <UnitTestResult executionId="e03aa8fc-8e64-4254-a933-000d90d3b221" testId="d92643a2-7df2-241b-b68c-4b629fd3b1fd" testName="Broiler.JavaScript.Parser.Tests.ParserTests.ParseProgram_ClassBody_Allows_AsyncMethods_Named_Get_And_Set" computerName="runnervmeorf1" duration="00:00:00.0003114" startTime="2026-05-16T16:20:43.5905505+00:00" endTime="2026-05-16T16:20:43.5905506+00:00" testType="13cdc9d9-ddb5-4fa4-a97d-d965ccfc6d4b" outcome="Passed" testListId="8c84fa94-04c1-424b-9868-57a2d4851a1d" relativeResultsDirectory="e03aa8fc-8e64-4254-a933-000d90d3b221" />
    <UnitTestResult executionId="12764ede-fa2b-42ef-877a-32d91a1fc32a" testId="730d4562-2b66-05fb-bc67-14b63833594e" testName="Broiler.JavaScript.Parser.Tests.ParserTests.ParseProgram_ClassBody_Allows_StaticPrivateGeneratorMethods(source: &quot;class C { static async *#m([]) { return 1; } }&quot;, isAsync: True)" computerName="runnervmeorf1" duration="00:00:00.0013465" startTime="2026-05-16T16:20:43.5860158+00:00" endTime="2026-05-16T16:20:43.5860159+00:00" testType="13cdc9d9-ddb5-4fa4-a97d-d965ccfc6d4b" outcome="Failed" testListId="8c84fa94-04c1-424b-9868-57a2d4851a1d" relativeResultsDirectory="12764ede-fa2b-42ef-877a-32d91a1fc32a">
      <Output>
        <ErrorInfo>
          <Message>Assert.True() Failure
Expected: True
Actual:   False</Message>
          <StackTrace>   at Broiler.JavaScript.Parser.Tests.ParserTests.ParseProgram_ClassBody_Allows_StaticPrivateGeneratorMethods(String source, Boolean isAsync) in /home/runner/work/Broiler.JS/Broiler.JS/Broiler.JS/Broiler.JavaScript.Parser.Tests/ParserTests.cs:line 118
   at InvokeStub_ParserTests.ParseProgram_ClassBody_Allows_StaticPrivateGeneratorMethods(Object, Span`1)
   at System.Reflection.MethodBaseInvoker.InvokeWithFewArgs(Object obj, BindingFlags invokeAttr, Binder binder, Object[] parameters, CultureInfo culture)</StackTrace>
        </ErrorInfo>
      </Output>
    </UnitTestResult>
    <UnitTestResult executionId="20136b1a-70b8-4036-87f2-da59cd02aa7d" testId="ecfff322-f691-7f88-2ed7-5d83ac162c6b" testName="Broiler.JavaScript.Parser.Tests.ParserTests.ParseProgram_ObjectLiteral_Allows_AsyncMethods_Named_Get_And_Set" computerName="runnervmeorf1" duration="00:00:00.0111843" startTime="2026-05-16T16:20:43.5863971+00:00" endTime="2026-05-16T16:20:43.5863972+00:00" testType="13cdc9d9-ddb5-4fa4-a97d-d965ccfc6d4b" outcome="Passed" testListId="8c84fa94-04c1-424b-9868-57a2d4851a1d" relativeResultsDirectory="20136b1a-70b8-4036-87f2-da59cd02aa7d" />
    <UnitTestResult executionId="30901d64-fad3-4d58-8ff8-7e8d6bdf0790" testId="3577573c-3ce6-6870-10d9-f141d2fa78b5" testName="Broiler.JavaScript.Parser.Tests.ParserTests.ParseProgram_InvalidSyntax_ThrowsFastParseException" computerName="runnervmeorf1" duration="00:00:00.0032213" startTime="2026-05-16T16:20:43.5941069+00:00" endTime="2026-05-16T16:20:43.5941070+00:00" testType="13cdc9d9-ddb5-4fa4-a97d-d965ccfc6d4b" outcome="Passed" testListId="8c84fa94-04c1-424b-9868-57a2d4851a1d" relativeResultsDirectory="30901d64-fad3-4d58-8ff8-7e8d6bdf0790" />
    <UnitTestResult executionId="e912bc01-114c-4af6-97c5-6c70f101de90" testId="d3a17716-fb43-8ba0-30cc-646ad116968a" testName="Broiler.JavaScript.Parser.Tests.ParserTests.ParseProgram_ClassBody_Allows_StaticPrivateGeneratorMethods(source: &quot;class C { static *#m([]) { return 1; } }&quot;, isAsync: False)" computerName="runnervmeorf1" duration="00:00:00.0808072" startTime="2026-05-16T16:20:43.5528713+00:00" endTime="2026-05-16T16:20:43.5528960+00:00" testType="13cdc9d9-ddb5-4fa4-a97d-d965ccfc6d4b" outcome="Passed" testListId="8c84fa94-04c1-424b-9868-57a2d4851a1d" relativeResultsDirectory="e912bc01-114c-4af6-97c5-6c70f101de90" />
    <UnitTestResult executionId="321ade6c-7b70-47e2-8a8d-8b7cbd0bf507" testId="e1873dee-b39d-f8f4-7611-e4c0c00ac259" testName="Broiler.JavaScript.Parser.Tests.ParserTests.ParseProgram_InvalidAsyncAccessorSyntax_ThrowsFastParseException(source: &quot;({ async get foo() { return 1; } });&quot;)" computerName="runnervmeorf1" duration="00:00:00.0011102" startTime="2026-05-16T16:20:43.6015913+00:00" endTime="2026-05-16T16:20:43.6015914+00:00" testType="13cdc9d9-ddb5-4fa4-a97d-d965ccfc6d4b" outcome="Passed" testListId="8c84fa94-04c1-424b-9868-57a2d4851a1d" relativeResultsDirectory="321ade6c-7b70-47e2-8a8d-8b7cbd0bf507" />
    <UnitTestResult executionId="fdbcdf75-1831-441c-b1bc-427572527b1c" testId="17dd94f9-1cb9-0eec-d0ef-897e7e625e96" testName="Broiler.JavaScript.Parser.Tests.ParserTests.ParseProgram_ArrowFunction_Succeeds" computerName="runnervmeorf1" duration="00:00:00.0011662" startTime="2026-05-16T16:20:43.6521173+00:00" endTime="2026-05-16T16:20:43.6521174+00:00" testType="13cdc9d9-ddb5-4fa4-a97d-d965ccfc6d4b" outcome="Passed" testListId="8c84fa94-04c1-424b-9868-57a2d4851a1d" relativeResultsDirectory="fdbcdf75-1831-441c-b1bc-427572527b1c" />
    <UnitTestResult executionId="11ab9aaa-3afd-496f-b459-bd46029d6b88" testId="a37aab61-df29-947b-1eab-020ca923f7da" testName="Broiler.JavaScript.Parser.Tests.ParserTests.ParseProgram_InvalidAsyncAccessorSyntax_ThrowsFastParseException(source: &quot;({ async set foo(value) { } });&quot;)" computerName="runnervmeorf1" duration="00:00:00.0003650" startTime="2026-05-16T16:20:43.6518393+00:00" endTime="2026-05-16T16:20:43.6518396+00:00" testType="13cdc9d9-ddb5-4fa4-a97d-d965ccfc6d4b" outcome="Passed" testListId="8c84fa94-04c1-424b-9868-57a2d4851a1d" relativeResultsDirectory="11ab9aaa-3afd-496f-b459-bd46029d6b88" />
    <UnitTestResult executionId="7ebd65dd-c9ba-4d94-a2df-dfd52cf082e9" testId="ef366a7e-505f-6096-7c6a-1fce41bba089" testName="Broiler.JavaScript.Parser.Tests.ParserTests.ParseProgram_ForAwaitIn_ThrowsFastParseException" computerName="runnervmeorf1" duration="00:00:00.0007230" startTime="2026-05-16T16:20:43.6521764+00:00" endTime="2026-05-16T16:20:43.6521765+00:00" testType="13cdc9d9-ddb5-4fa4-a97d-d965ccfc6d4b" outcome="Passed" testListId="8c84fa94-04c1-424b-9868-57a2d4851a1d" relativeResultsDirectory="7ebd65dd-c9ba-4d94-a2df-dfd52cf082e9" />
    <UnitTestResult executionId="970c63d8-4ee1-44f3-9b47-67bb5708164c" testId="95cb8fad-4757-89b6-fc1e-fd45bc8020a3" testName="Broiler.JavaScript.Parser.Tests.ParserTests.ParseProgram_FunctionDeclaration_Succeeds" computerName="runnervmeorf1" duration="00:00:00.0010173" startTime="2026-05-16T16:20:43.5899568+00:00" endTime="2026-05-16T16:20:43.5899569+00:00" testType="13cdc9d9-ddb5-4fa4-a97d-d965ccfc6d4b" outcome="Passed" testListId="8c84fa94-04c1-424b-9868-57a2d4851a1d" relativeResultsDirectory="970c63d8-4ee1-44f3-9b47-67bb5708164c" />
    <UnitTestResult executionId="2b20d54f-d134-46eb-ad77-b0ad32f8a26f" testId="dd70d57a-9e88-feef-0be1-3d5d3b869328" testName="Broiler.JavaScript.Parser.Tests.ParserTests.ParseProgram_SimpleExpression_ReturnsProgram" computerName="runnervmeorf1" duration="00:00:00.0029191" startTime="2026-05-16T16:20:43.5897517+00:00" endTime="2026-05-16T16:20:43.5897518+00:00" testType="13cdc9d9-ddb5-4fa4-a97d-d965ccfc6d4b" outcome="Passed" testListId="8c84fa94-04c1-424b-9868-57a2d4851a1d" relativeResultsDirectory="2b20d54f-d134-46eb-ad77-b0ad32f8a26f" />
  </Results>
  <TestDefinitions>
    <UnitTest name="Broiler.JavaScript.Parser.Tests.ParserTests.ParseProgram_InvalidSyntax_ThrowsFastParseException" storage="/home/runner/work/broiler.js/broiler.js/broiler.js/broiler.javascript.parser.tests/bin/debug/net8.0/broiler.javascript.parser.tests.dll" id="3577573c-3ce6-6870-10d9-f141d2fa78b5">
      <Execution id="30901d64-fad3-4d58-8ff8-7e8d6bdf0790" />
      <TestMethod codeBase="/home/runner/work/Broiler.JS/Broiler.JS/Broiler.JS/Broiler.JavaScript.Parser.Tests/bin/Debug/net8.0/Broiler.JavaScript.Parser.Tests.dll" adapterTypeName="executor://xunit/VsTestRunner2/netcoreapp" className="Broiler.JavaScript.Parser.Tests.ParserTests" name="ParseProgram_InvalidSyntax_ThrowsFastParseException" />
    </UnitTest>
    <UnitTest name="Broiler.JavaScript.Parser.Tests.ParserTests.ParseProgram_VariableDeclaration_Succeeds" storage="/home/runner/work/broiler.js/broiler.js/broiler.js/broiler.javascript.parser.tests/bin/debug/net8.0/broiler.javascript.parser.tests.dll" id="753d577f-408b-dbe4-a84f-5ec2894d3c87">
      <Execution id="c0f595c9-3ed5-452a-8706-9b4123159951" />
      <TestMethod codeBase="/home/runner/work/Broiler.JS/Broiler.JS/Broiler.JS/Broiler.JavaScript.Parser.Tests/bin/Debug/net8.0/Broiler.JavaScript.Parser.Tests.dll" adapterTypeName="executor://xunit/VsTestRunner2/netcoreapp" className="Broiler.JavaScript.Parser.Tests.ParserTests" name="ParseProgram_VariableDeclaration_Succeeds" />
    </UnitTest>
    <UnitTest name="Broiler.JavaScript.Parser.Tests.ParserTests.ParseProgram_ArrowFunction_Succeeds" storage="/home/runner/work/broiler.js/broiler.js/broiler.js/broiler.javascript.parser.tests/bin/debug/net8.0/broiler.javascript.parser.tests.dll" id="17dd94f9-1cb9-0eec-d0ef-897e7e625e96">
      <Execution id="fdbcdf75-1831-441c-b1bc-427572527b1c" />
      <TestMethod codeBase="/home/runner/work/Broiler.JS/Broiler.JS/Broiler.JS/Broiler.JavaScript.Parser.Tests/bin/Debug/net8.0/Broiler.JavaScript.Parser.Tests.dll" adapterTypeName="executor://xunit/VsTestRunner2/netcoreapp" className="Broiler.JavaScript.Parser.Tests.ParserTests" name="ParseProgram_ArrowFunction_Succeeds" />
    </UnitTest>
    <UnitTest name="Broiler.JavaScript.Parser.Tests.ParserTests.ParseProgram_ObjectLiteral_Allows_AsyncMethods_Named_Get_And_Set" storage="/home/runner/work/broiler.js/broiler.js/broiler.js/broiler.javascript.parser.tests/bin/debug/net8.0/broiler.javascript.parser.tests.dll" id="ecfff322-f691-7f88-2ed7-5d83ac162c6b">
      <Execution id="20136b1a-70b8-4036-87f2-da59cd02aa7d" />
      <TestMethod codeBase="/home/runner/work/Broiler.JS/Broiler.JS/Broiler.JS/Broiler.JavaScript.Parser.Tests/bin/Debug/net8.0/Broiler.JavaScript.Parser.Tests.dll" adapterTypeName="executor://xunit/VsTestRunner2/netcoreapp" className="Broiler.JavaScript.Parser.Tests.ParserTests" name="ParseProgram_ObjectLiteral_Allows_AsyncMethods_Named_Get_And_Set" />
    </UnitTest>
    <UnitTest name="Broiler.JavaScript.Parser.Tests.ParserTests.ParseProgram_ForAwaitIn_ThrowsFastParseException" storage="/home/runner/work/broiler.js/broiler.js/broiler.js/broiler.javascript.parser.tests/bin/debug/net8.0/broiler.javascript.parser.tests.dll" id="ef366a7e-505f-6096-7c6a-1fce41bba089">
      <Execution id="7ebd65dd-c9ba-4d94-a2df-dfd52cf082e9" />
      <TestMethod codeBase="/home/runner/work/Broiler.JS/Broiler.JS/Broiler.JS/Broiler.JavaScript.Parser.Tests/bin/Debug/net8.0/Broiler.JavaScript.Parser.Tests.dll" adapterTypeName="executor://xunit/VsTestRunner2/netcoreapp" className="Broiler.JavaScript.Parser.Tests.ParserTests" name="ParseProgram_ForAwaitIn_ThrowsFastParseException" />
    </UnitTest>
    <UnitTest name="Broiler.JavaScript.Parser.Tests.ParserTests.ParseProgram_ClassBody_Allows_AsyncMethods_Named_Get_And_Set" storage="/home/runner/work/broiler.js/broiler.js/broiler.js/broiler.javascript.parser.tests/bin/debug/net8.0/broiler.javascript.parser.tests.dll" id="d92643a2-7df2-241b-b68c-4b629fd3b1fd">
      <Execution id="e03aa8fc-8e64-4254-a933-000d90d3b221" />
      <TestMethod codeBase="/home/runner/work/Broiler.JS/Broiler.JS/Broiler.JS/Broiler.JavaScript.Parser.Tests/bin/Debug/net8.0/Broiler.JavaScript.Parser.Tests.dll" adapterTypeName="executor://xunit/VsTestRunner2/netcoreapp" className="Broiler.JavaScript.Parser.Tests.ParserTests" name="ParseProgram_ClassBody_Allows_AsyncMethods_Named_Get_And_Set" />
    </UnitTest>
    <UnitTest name="Broiler.JavaScript.Parser.Tests.ParserTests.ParseProgram_ForAwaitOf_In_AsyncFunction_Succeeds" storage="/home/runner/work/broiler.js/broiler.js/broiler.js/broiler.javascript.parser.tests/bin/debug/net8.0/broiler.javascript.parser.tests.dll" id="aed97cee-faac-d98d-7c51-4357a80d6b1b">
      <Execution id="5cfeb2e5-3d56-43d2-993b-2d6470bb0deb" />
      <TestMethod codeBase="/home/runner/work/Broiler.JS/Broiler.JS/Broiler.JS/Broiler.JavaScript.Parser.Tests/bin/Debug/net8.0/Broiler.JavaScript.Parser.Tests.dll" adapterTypeName="executor://xunit/VsTestRunner2/netcoreapp" className="Broiler.JavaScript.Parser.Tests.ParserTests" name="ParseProgram_ForAwaitOf_In_AsyncFunction_Succeeds" />
    </UnitTest>
    <UnitTest name="Broiler.JavaScript.Parser.Tests.ParserTests.ParseProgram_InvalidAsyncAccessorSyntax_ThrowsFastParseException(source: &quot;({ async get foo() { return 1; } });&quot;)" storage="/home/runner/work/broiler.js/broiler.js/broiler.js/broiler.javascript.parser.tests/bin/debug/net8.0/broiler.javascript.parser.tests.dll" id="e1873dee-b39d-f8f4-7611-e4c0c00ac259">
      <Execution id="321ade6c-7b70-47e2-8a8d-8b7cbd0bf507" />
      <TestMethod codeBase="/home/runner/work/Broiler.JS/Broiler.JS/Broiler.JS/Broiler.JavaScript.Parser.Tests/bin/Debug/net8.0/Broiler.JavaScript.Parser.Tests.dll" adapterTypeName="executor://xunit/VsTestRunner2/netcoreapp" className="Broiler.JavaScript.Parser.Tests.ParserTests" name="ParseProgram_InvalidAsyncAccessorSyntax_ThrowsFastParseException" />
    </UnitTest>
    <UnitTest name="Broiler.JavaScript.Parser.Tests.ParserTests.ParseProgram_FunctionDeclaration_Succeeds" storage="/home/runner/work/broiler.js/broiler.js/broiler.js/broiler.javascript.parser.tests/bin/debug/net8.0/broiler.javascript.parser.tests.dll" id="95cb8fad-4757-89b6-fc1e-fd45bc8020a3">
      <Execution id="970c63d8-4ee1-44f3-9b47-67bb5708164c" />
      <TestMethod codeBase="/home/runner/work/Broiler.JS/Broiler.JS/Broiler.JS/Broiler.JavaScript.Parser.Tests/bin/Debug/net8.0/Broiler.JavaScript.Parser.Tests.dll" adapterTypeName="executor://xunit/VsTestRunner2/netcoreapp" className="Broiler.JavaScript.Parser.Tests.ParserTests" name="ParseProgram_FunctionDeclaration_Succeeds" />
    </UnitTest>
    <UnitTest name="Broiler.JavaScript.Parser.Tests.ParserTests.ParseProgram_InvalidAsyncAccessorSyntax_ThrowsFastParseException(source: &quot;({ async set foo(value) { } });&quot;)" storage="/home/runner/work/broiler.js/broiler.js/broiler.js/broiler.javascript.parser.tests/bin/debug/net8.0/broiler.javascript.parser.tests.dll" id="a37aab61-df29-947b-1eab-020ca923f7da">
      <Execution id="11ab9aaa-3afd-496f-b459-bd46029d6b88" />
      <TestMethod codeBase="/home/runner/work/Broiler.JS/Broiler.JS/Broiler.JS/Broiler.JavaScript.Parser.Tests/bin/Debug/net8.0/Broiler.JavaScript.Parser.Tests.dll" adapterTypeName="executor://xunit/VsTestRunner2/netcoreapp" className="Broiler.JavaScript.Parser.Tests.ParserTests" name="ParseProgram_InvalidAsyncAccessorSyntax_ThrowsFastParseException" />
    </UnitTest>
    <UnitTest name="Broiler.JavaScript.Parser.Tests.ParserTests.ParseProgram_ClassBody_Allows_StaticPrivateGeneratorMethods(source: &quot;class C { static async *#m([]) { return 1; } }&quot;, isAsync: True)" storage="/home/runner/work/broiler.js/broiler.js/broiler.js/broiler.javascript.parser.tests/bin/debug/net8.0/broiler.javascript.parser.tests.dll" id="730d4562-2b66-05fb-bc67-14b63833594e">
      <Execution id="12764ede-fa2b-42ef-877a-32d91a1fc32a" />
      <TestMethod codeBase="/home/runner/work/Broiler.JS/Broiler.JS/Broiler.JS/Broiler.JavaScript.Parser.Tests/bin/Debug/net8.0/Broiler.JavaScript.Parser.Tests.dll" adapterTypeName="executor://xunit/VsTestRunner2/netcoreapp" className="Broiler.JavaScript.Parser.Tests.ParserTests" name="ParseProgram_ClassBody_Allows_StaticPrivateGeneratorMethods" />
    </UnitTest>
    <UnitTest name="Broiler.JavaScript.Parser.Tests.ParserTests.ParseProgram_ClassBody_Allows_StaticPrivateGeneratorMethods(source: &quot;class C { static *#m([]) { return 1; } }&quot;, isAsync: False)" storage="/home/runner/work/broiler.js/broiler.js/broiler.js/broiler.javascript.parser.tests/bin/debug/net8.0/broiler.javascript.parser.tests.dll" id="d3a17716-fb43-8ba0-30cc-646ad116968a">
      <Execution id="e912bc01-114c-4af6-97c5-6c70f101de90" />
      <TestMethod codeBase="/home/runner/work/Broiler.JS/Broiler.JS/Broiler.JS/Broiler.JavaScript.Parser.Tests/bin/Debug/net8.0/Broiler.JavaScript.Parser.Tests.dll" adapterTypeName="executor://xunit/VsTestRunner2/netcoreapp" className="Broiler.JavaScript.Parser.Tests.ParserTests" name="ParseProgram_ClassBody_Allows_StaticPrivateGeneratorMethods" />
    </UnitTest>
    <UnitTest name="Broiler.JavaScript.Parser.Tests.ParserTests.ParseProgram_InvalidAsyncAccessorSyntax_ThrowsFastParseException(source: &quot;class C { async get foo() { return 1; } }&quot;)" storage="/home/runner/work/broiler.js/broiler.js/broiler.js/broiler.javascript.parser.tests/bin/debug/net8.0/broiler.javascript.parser.tests.dll" id="523dae08-d924-e106-1bfc-bdfd3563e556">
      <Execution id="fd63bebe-849e-4381-87df-a854a07cf37f" />
      <TestMethod codeBase="/home/runner/work/Broiler.JS/Broiler.JS/Broiler.JS/Broiler.JavaScript.Parser.Tests/bin/Debug/net8.0/Broiler.JavaScript.Parser.Tests.dll" adapterTypeName="executor://xunit/VsTestRunner2/netcoreapp" className="Broiler.JavaScript.Parser.Tests.ParserTests" name="ParseProgram_InvalidAsyncAccessorSyntax_ThrowsFastParseException" />
    </UnitTest>
    <UnitTest name="Broiler.JavaScript.Parser.Tests.ParserTests.ParseProgram_SimpleExpression_ReturnsProgram" storage="/home/runner/work/broiler.js/broiler.js/broiler.js/broiler.javascript.parser.tests/bin/debug/net8.0/broiler.javascript.parser.tests.dll" id="dd70d57a-9e88-feef-0be1-3d5d3b869328">
      <Execution id="2b20d54f-d134-46eb-ad77-b0ad32f8a26f" />
      <TestMethod codeBase="/home/runner/work/Broiler.JS/Broiler.JS/Broiler.JS/Broiler.JavaScript.Parser.Tests/bin/Debug/net8.0/Broiler.JavaScript.Parser.Tests.dll" adapterTypeName="executor://xunit/VsTestRunner2/netcoreapp" className="Broiler.JavaScript.Parser.Tests.ParserTests" name="ParseProgram_SimpleExpression_ReturnsProgram" />
    </UnitTest>
    <UnitTest name="Broiler.JavaScript.Parser.Tests.ParserTests.ParseProgram_InvalidAsyncAccessorSyntax_ThrowsFastParseException(source: &quot;class C { async set foo(value) { } }&quot;)" storage="/home/runner/work/broiler.js/broiler.js/broiler.js/broiler.javascript.parser.tests/bin/debug/net8.0/broiler.javascript.parser.tests.dll" id="a0f8b713-70d7-c8fd-98dc-5df77958aea2">
      <Execution id="89ff23cd-22c2-458c-b127-0b22d4cf82aa" />
      <TestMethod codeBase="/home/runner/work/Broiler.JS/Broiler.JS/Broiler.JS/Broiler.JavaScript.Parser.Tests/bin/Debug/net8.0/Broiler.JavaScript.Parser.Tests.dll" adapterTypeName="executor://xunit/VsTestRunner2/netcoreapp" className="Broiler.JavaScript.Parser.Tests.ParserTests" name="ParseProgram_InvalidAsyncAccessorSyntax_ThrowsFastParseException" />
    </UnitTest>
  </TestDefinitions>
  <TestEntries>
    <TestEntry testId="523dae08-d924-e106-1bfc-bdfd3563e556" executionId="fd63bebe-849e-4381-87df-a854a07cf37f" testListId="8c84fa94-04c1-424b-9868-57a2d4851a1d" />
    <TestEntry testId="aed97cee-faac-d98d-7c51-4357a80d6b1b" executionId="5cfeb2e5-3d56-43d2-993b-2d6470bb0deb" testListId="8c84fa94-04c1-424b-9868-57a2d4851a1d" />
    <TestEntry testId="753d577f-408b-dbe4-a84f-5ec2894d3c87" executionId="c0f595c9-3ed5-452a-8706-9b4123159951" testListId="8c84fa94-04c1-424b-9868-57a2d4851a1d" />
    <TestEntry testId="a0f8b713-70d7-c8fd-98dc-5df77958aea2" executionId="89ff23cd-22c2-458c-b127-0b22d4cf82aa" testListId="8c84fa94-04c1-424b-9868-57a2d4851a1d" />
    <TestEntry testId="d92643a2-7df2-241b-b68c-4b629fd3b1fd" executionId="e03aa8fc-8e64-4254-a933-000d90d3b221" testListId="8c84fa94-04c1-424b-9868-57a2d4851a1d" />
    <TestEntry testId="730d4562-2b66-05fb-bc67-14b63833594e" executionId="12764ede-fa2b-42ef-877a-32d91a1fc32a" testListId="8c84fa94-04c1-424b-9868-57a2d4851a1d" />
    <TestEntry testId="ecfff322-f691-7f88-2ed7-5d83ac162c6b" executionId="20136b1a-70b8-4036-87f2-da59cd02aa7d" testListId="8c84fa94-04c1-424b-9868-57a2d4851a1d" />
    <TestEntry testId="3577573c-3ce6-6870-10d9-f141d2fa78b5" executionId="30901d64-fad3-4d58-8ff8-7e8d6bdf0790" testListId="8c84fa94-04c1-424b-9868-57a2d4851a1d" />
    <TestEntry testId="d3a17716-fb43-8ba0-30cc-646ad116968a" executionId="e912bc01-114c-4af6-97c5-6c70f101de90" testListId="8c84fa94-04c1-424b-9868-57a2d4851a1d" />
    <TestEntry testId="e1873dee-b39d-f8f4-7611-e4c0c00ac259" executionId="321ade6c-7b70-47e2-8a8d-8b7cbd0bf507" testListId="8c84fa94-04c1-424b-9868-57a2d4851a1d" />
    <TestEntry testId="17dd94f9-1cb9-0eec-d0ef-897e7e625e96" executionId="fdbcdf75-1831-441c-b1bc-427572527b1c" testListId="8c84fa94-04c1-424b-9868-57a2d4851a1d" />
    <TestEntry testId="a37aab61-df29-947b-1eab-020ca923f7da" executionId="11ab9aaa-3afd-496f-b459-bd46029d6b88" testListId="8c84fa94-04c1-424b-9868-57a2d4851a1d" />
    <TestEntry testId="ef366a7e-505f-6096-7c6a-1fce41bba089" executionId="7ebd65dd-c9ba-4d94-a2df-dfd52cf082e9" testListId="8c84fa94-04c1-424b-9868-57a2d4851a1d" />
    <TestEntry testId="95cb8fad-4757-89b6-fc1e-fd45bc8020a3" executionId="970c63d8-4ee1-44f3-9b47-67bb5708164c" testListId="8c84fa94-04c1-424b-9868-57a2d4851a1d" />
    <TestEntry testId="dd70d57a-9e88-feef-0be1-3d5d3b869328" executionId="2b20d54f-d134-46eb-ad77-b0ad32f8a26f" testListId="8c84fa94-04c1-424b-9868-57a2d4851a1d" />
  </TestEntries>
  <TestLists>
    <TestList name="Results Not in a List" id="8c84fa94-04c1-424b-9868-57a2d4851a1d" />
    <TestList name="All Loaded Results" id="19431567-8539-422a-85d7-44ee4e166bda" />
  </TestLists>
  <ResultSummary outcome="Failed">
    <Counters total="15" executed="15" passed="14" failed="1" error="0" timeout="0" aborted="0" inconclusive="0" passedButRunAborted="0" notRunnable="0" notExecuted="0" disconnected="0" warning="0" completed="0" inProgress="0" pending="0" />
    <Output>
      <StdOut>[xUnit.net 00:00:00.00] xUnit.net VSTest Adapter v2.5.3.1+6b60a9e56a (64-bit .NET 8.0.25)
[xUnit.net 00:00:00.11]   Discovering: Broiler.JavaScript.Parser.Tests
[xUnit.net 00:00:00.19]   Discovered:  Broiler.JavaScript.Parser.Tests
[xUnit.net 00:00:00.20]   Starting:    Broiler.JavaScript.Parser.Tests
[xUnit.net 00:00:00.41]       Assert.True() Failure
[xUnit.net 00:00:00.41]       Expected: True
[xUnit.net 00:00:00.41]       Actual:   False
[xUnit.net 00:00:00.41]       Stack Trace:
[xUnit.net 00:00:00.41]         /home/runner/work/Broiler.JS/Broiler.JS/Broiler.JS/Broiler.JavaScript.Parser.Tests/ParserTests.cs(118,0): at Broiler.JavaScript.Parser.Tests.ParserTests.ParseProgram_ClassBody_Allows_StaticPrivateGeneratorMethods(String source, Boolean isAsync)
[xUnit.net 00:00:00.41]            at InvokeStub_ParserTests.ParseProgram_ClassBody_Allows_StaticPrivateGeneratorMethods(Object, Span`1)
[xUnit.net 00:00:00.41]            at System.Reflection.MethodBaseInvoker.InvokeWithFewArgs(Object obj, BindingFlags invokeAttr, Binder binder, Object[] parameters, CultureInfo culture)
[xUnit.net 00:00:00.48]   Finished:    Broiler.JavaScript.Parser.Tests
</StdOut>
    </Output>
    <RunInfos>
      <RunInfo computerName="runnervmeorf1" outcome="Error" timestamp="2026-05-16T16:20:43.5838756+00:00">
        <Text>[xUnit.net 00:00:00.41]     Broiler.JavaScript.Parser.Tests.ParserTests.ParseProgram_ClassBody_Allows_StaticPrivateGeneratorMethods(source: "class C { static async *#m([]) { return 1; } }", isAsync: True) [FAIL]</Text>
      </RunInfo>
    </RunInfos>
  </ResultSummary>
</TestRun>