<?xml version="1.0" encoding="utf-8"?>
<TestRun id="236a0565-e11e-4cce-bc3d-4fb5d167125a" name="@runnervmeorf1 2026-05-16 15:24:25" xmlns="http://microsoft.com/schemas/VisualStudio/TeamTest/2010">
  <Times creation="2026-05-16T15:24:25.3928832+00:00" queuing="2026-05-16T15:24:25.3928833+00:00" start="2026-05-16T15:24:22.2940090+00:00" finish="2026-05-16T15:24:25.4103913+00:00" />
  <TestSettings name="default" id="00ddce30-ba03-439c-bdf1-0ab999354d29">
    <Deployment runDeploymentRoot="_runnervmeorf1_2026-05-16_15_24_25" />
  </TestSettings>
  <Results>
    <UnitTestResult executionId="8b982f65-870d-4406-980d-cb94c7ec5725" testId="43e587f0-fd6e-d431-7344-427f2cc42c8d" testName="Broiler.JavaScript.BuiltIns.Tests.BuiltInsTests.Generator_Throw_Propagates_And_Resumes_Like_Test262" computerName="runnervmeorf1" duration="00:00:00.8409182" startTime="2026-05-16T15:24:25.1118900+00:00" endTime="2026-05-16T15:24:25.1119192+00:00" testType="13cdc9d9-ddb5-4fa4-a97d-d965ccfc6d4b" outcome="Passed" testListId="8c84fa94-04c1-424b-9868-57a2d4851a1d" relativeResultsDirectory="8b982f65-870d-4406-980d-cb94c7ec5725" />
  </Results>
  <TestDefinitions>
    <UnitTest name="Broiler.JavaScript.BuiltIns.Tests.BuiltInsTests.Generator_Throw_Propagates_And_Resumes_Like_Test262" storage="/home/runner/work/broiler.js/broiler.js/broiler.js/broiler.javascript.builtins.tests/bin/debug/net8.0/broiler.javascript.builtins.tests.dll" id="43e587f0-fd6e-d431-7344-427f2cc42c8d">
      <Execution id="8b982f65-870d-4406-980d-cb94c7ec5725" />
      <TestMethod codeBase="/home/runner/work/Broiler.JS/Broiler.JS/Broiler.JS/Broiler.JavaScript.BuiltIns.Tests/bin/Debug/net8.0/Broiler.JavaScript.BuiltIns.Tests.dll" adapterTypeName="executor://xunit/VsTestRunner2/netcoreapp" className="Broiler.JavaScript.BuiltIns.Tests.BuiltInsTests" name="Generator_Throw_Propagates_And_Resumes_Like_Test262" />
    </UnitTest>
  </TestDefinitions>
  <TestEntries>
    <TestEntry testId="43e587f0-fd6e-d431-7344-427f2cc42c8d" executionId="8b982f65-870d-4406-980d-cb94c7ec5725" testListId="8c84fa94-04c1-424b-9868-57a2d4851a1d" />
  </TestEntries>
  <TestLists>
    <TestList name="Results Not in a List" id="8c84fa94-04c1-424b-9868-57a2d4851a1d" />
    <TestList name="All Loaded Results" id="19431567-8539-422a-85d7-44ee4e166bda" />
  </TestLists>
  <ResultSummary outcome="Completed">
    <Counters total="1" executed="1" passed="1" failed="0" error="0" timeout="0" aborted="0" inconclusive="0" passedButRunAborted="0" notRunnable="0" notExecuted="0" disconnected="0" warning="0" completed="0" inProgress="0" pending="0" />
    <Output>
      <StdOut>[xUnit.net 00:00:00.00] xUnit.net VSTest Adapter v2.5.3.1+6b60a9e56a (64-bit .NET 8.0.25)
[xUnit.net 00:00:00.19]   Discovering: Broiler.JavaScript.BuiltIns.Tests
[xUnit.net 00:00:00.33]   Discovered:  Broiler.JavaScript.BuiltIns.Tests
[xUnit.net 00:00:00.36]   Starting:    Broiler.JavaScript.BuiltIns.Tests
[xUnit.net 00:00:01.39]   Finished:    Broiler.JavaScript.BuiltIns.Tests
</StdOut>
    </Output>
  </ResultSummary>
</TestRun>