<?xml version="1.0" encoding="utf-8"?>
<TestRun id="0cce9a26-bc70-49e9-83ad-2e1c85607527" name="@runnervmeorf1 2026-05-16 15:23:53" xmlns="http://microsoft.com/schemas/VisualStudio/TeamTest/2010">
  <Times creation="2026-05-16T15:23:53.6289600+00:00" queuing="2026-05-16T15:23:53.6289601+00:00" start="2026-05-16T15:23:50.8603821+00:00" finish="2026-05-16T15:23:53.6300535+00:00" />
  <TestSettings name="default" id="141e3f95-9a8b-451f-b9d3-a20b1180d865">
    <Deployment runDeploymentRoot="_runnervmeorf1_2026-05-16_15_23_53" />
  </TestSettings>
  <TestLists>
    <TestList name="Results Not in a List" id="8c84fa94-04c1-424b-9868-57a2d4851a1d" />
    <TestList name="All Loaded Results" id="19431567-8539-422a-85d7-44ee4e166bda" />
  </TestLists>
  <ResultSummary outcome="Completed">
    <Counters total="0" executed="0" passed="0" failed="0" error="0" timeout="0" aborted="0" inconclusive="0" passedButRunAborted="0" notRunnable="0" notExecuted="0" disconnected="0" warning="0" completed="0" inProgress="0" pending="0" />
    <Output>
      <StdOut>[xUnit.net 00:00:00.01] xUnit.net VSTest Adapter v2.5.3.1+6b60a9e56a (64-bit .NET 8.0.25)
[xUnit.net 00:00:00.36]   Discovering: Broiler.JavaScript.BuiltIns.Tests
[xUnit.net 00:00:00.52]   Discovered:  Broiler.JavaScript.BuiltIns.Tests
[xUnit.net 00:00:00.55]   Starting:    Broiler.JavaScript.BuiltIns.Tests
[xUnit.net 00:00:00.66]   Finished:    Broiler.JavaScript.BuiltIns.Tests
</StdOut>
    </Output>
    <RunInfos>
      <RunInfo computerName="runnervmeorf1" outcome="Warning" timestamp="2026-05-16T15:23:53.3128038+00:00">
        <Text>No test matches the given testcase filter `Name~Generator` in /home/runner/work/Broiler.JS/Broiler.JS/Broiler.JS/Broiler.JavaScript.BuiltIns.Tests/bin/Debug/net8.0/Broiler.JavaScript.BuiltIns.Tests.dll</Text>
      </RunInfo>
    </RunInfos>
  </ResultSummary>
</TestRun>